[    0.000000] Initializing cgroup subsys cpuset
[    0.000000] Initializing cgroup subsys cpu
[    0.000000] Initializing cgroup subsys cpuacct
[    0.000000] Linux version 4.4.0-75-generic (buildd@lcy01-04) (gcc version 5.4.0 20160609 (Ubuntu 5.4.0-6ubuntu1~16.04.4) ) #96-Ubuntu SMP Thu Apr 20 09:55:15 UTC 2017 (Ubuntu 4.4.0-75.96-generic 4.4.59)
[    0.000000] KERNEL supported cpus:
[    0.000000]   Intel GenuineIntel
[    0.000000]   AMD AuthenticAMD
[    0.000000]   NSC Geode by NSC
[    0.000000]   Cyrix CyrixInstead
[    0.000000]   Centaur CentaurHauls
[    0.000000]   Transmeta GenuineTMx86
[    0.000000]   Transmeta TransmetaCPU
[    0.000000]   UMC UMC UMC UMC
[    0.000000] x86/fpu: xstate_offset[2]:  576, xstate_sizes[2]:  256
[    0.000000] x86/fpu: Supporting XSAVE feature 0x01: 'x87 floating point registers'
[    0.000000] x86/fpu: Supporting XSAVE feature 0x02: 'SSE registers'
[    0.000000] x86/fpu: Supporting XSAVE feature 0x04: 'AVX registers'
[    0.000000] x86/fpu: Enabled xstate features 0x7, context size is 832 bytes, using 'standard' format.
[    0.000000] x86/fpu: Using 'lazy' FPU context switches.
[    0.000000] e820: BIOS-provided physical RAM map:
[    0.000000] BIOS-e820: [mem 0x0000000000000000-0x000000000009fbff] usable
[    0.000000] BIOS-e820: [mem 0x000000000009fc00-0x000000000009ffff] reserved
[    0.000000] BIOS-e820: [mem 0x00000000000f0000-0x00000000000fffff] reserved
[    0.000000] BIOS-e820: [mem 0x0000000000100000-0x000000003ffeffff] usable
[    0.000000] BIOS-e820: [mem 0x000000003fff0000-0x000000003fffffff] ACPI data
[    0.000000] BIOS-e820: [mem 0x00000000fec00000-0x00000000fec00fff] reserved
[    0.000000] BIOS-e820: [mem 0x00000000fee00000-0x00000000fee00fff] reserved
[    0.000000] BIOS-e820: [mem 0x00000000fffc0000-0x00000000ffffffff] reserved
[    0.000000] NX (Execute Disable) protection: active
[    0.000000] SMBIOS 2.5 present.
[    0.000000] Hypervisor detected: KVM
[    0.000000] e820: last_pfn = 0x3fff0 max_arch_pfn = 0x1000000
[    0.000000] MTRR: Disabled
[    0.000000] x86/PAT: MTRRs disabled, skipping PAT initialization too.
[    0.000000] x86/PAT: Configuration [0-7]: WB  WT  UC- UC  WB  WT  UC- UC  
[    0.000000] CPU MTRRs all blank - virtualized system.
[    0.000000] found SMP MP-table at [mem 0x0009fff0-0x0009ffff] mapped at [c009fff0]
[    0.000000] Scanning 1 areas for low memory corruption
[    0.000000] RAMDISK: [mem 0x3635c000-0x371a5fff]
[    0.000000] ACPI: Early table checksum verification disabled
[    0.000000] ACPI: RSDP 0x00000000000E0000 000024 (v02 VBOX  )
[    0.000000] ACPI: XSDT 0x000000003FFF0030 00003C (v01 VBOX   VBOXXSDT 00000001 ASL  00000061)
[    0.000000] ACPI: FACP 0x000000003FFF00F0 0000F4 (v04 VBOX   VBOXFACP 00000001 ASL  00000061)
[    0.000000] ACPI: DSDT 0x000000003FFF0470 0021C8 (v02 VBOX   VBOXBIOS 00000002 INTL 20160108)
[    0.000000] ACPI: FACS 0x000000003FFF0200 000040
[    0.000000] ACPI: FACS 0x000000003FFF0200 000040
[    0.000000] ACPI: APIC 0x000000003FFF0240 00005C (v02 VBOX   VBOXAPIC 00000001 ASL  00000061)
[    0.000000] ACPI: SSDT 0x000000003FFF02A0 0001CC (v01 VBOX   VBOXCPUT 00000002 INTL 20160108)
[    0.000000] 131MB HIGHMEM available.
[    0.000000] 891MB LOWMEM available.
[    0.000000]   mapped low ram: 0 - 37bfe000
[    0.000000]   low ram: 0 - 37bfe000
[    0.000000] kvm-clock: Using msrs 4b564d01 and 4b564d00
[    0.000000] kvm-clock: cpu 0, msr 0:37bfd001, primary cpu clock
[    0.000000] kvm-clock: using sched offset of 3790761778 cycles
[    0.000000] clocksource: kvm-clock: mask: 0xffffffffffffffff max_cycles: 0x1cd42e4dffb, max_idle_ns: 881590591483 ns
[    0.000000] Zone ranges:
[    0.000000]   DMA      [mem 0x0000000000001000-0x0000000000ffffff]
[    0.000000]   Normal   [mem 0x0000000001000000-0x0000000037bfdfff]
[    0.000000]   HighMem  [mem 0x0000000037bfe000-0x000000003ffeffff]
[    0.000000] Movable zone start for each node
[    0.000000] Early memory node ranges
[    0.000000]   node   0: [mem 0x0000000000001000-0x000000000009efff]
[    0.000000]   node   0: [mem 0x0000000000100000-0x000000003ffeffff]
[    0.000000] Initmem setup node 0 [mem 0x0000000000001000-0x000000003ffeffff]
[    0.000000] Using APIC driver default
[    0.000000] ACPI: PM-Timer IO Port: 0x4008
[    0.000000] IOAPIC[0]: apic_id 2, version 32, address 0xfec00000, GSI 0-23
[    0.000000] ACPI: INT_SRC_OVR (bus 0 bus_irq 0 global_irq 2 dfl dfl)
[    0.000000] ACPI: INT_SRC_OVR (bus 0 bus_irq 9 global_irq 9 high level)
[    0.000000] Using ACPI (MADT) for SMP configuration information
[    0.000000] smpboot: Allowing 2 CPUs, 0 hotplug CPUs
[    0.000000] PM: Registered nosave memory: [mem 0x00000000-0x00000fff]
[    0.000000] PM: Registered nosave memory: [mem 0x0009f000-0x0009ffff]
[    0.000000] PM: Registered nosave memory: [mem 0x000a0000-0x000effff]
[    0.000000] PM: Registered nosave memory: [mem 0x000f0000-0x000fffff]
[    0.000000] e820: [mem 0x40000000-0xfebfffff] available for PCI devices
[    0.000000] Booting paravirtualized kernel on KVM
[    0.000000] clocksource: refined-jiffies: mask: 0xffffffff max_cycles: 0xffffffff, max_idle_ns: 7645519600211568 ns
[    0.000000] setup_percpu: NR_CPUS:8 nr_cpumask_bits:8 nr_cpu_ids:2 nr_node_ids:1
[    0.000000] PERCPU: Embedded 19 pages/cpu @f71b0000 s47436 r0 d30388 u77824
[    0.000000] PV qspinlock hash table entries: 512 (order: 0, 4096 bytes)
[    0.000000] Built 1 zonelists in Zone order, mobility grouping on.  Total pages: 259800
[    0.000000] Kernel command line: BOOT_IMAGE=/boot/vmlinuz-4.4.0-75-generic root=UUID=4d086431-d7e7-4f46-b789-6155962b907a ro console=tty1 console=ttyS0
[    0.000000] PID hash table entries: 4096 (order: 2, 16384 bytes)
[    0.000000] Dentry cache hash table entries: 131072 (order: 7, 524288 bytes)
[    0.000000] Inode-cache hash table entries: 65536 (order: 6, 262144 bytes)
[    0.000000] Initializing CPU#0
[    0.000000] Initializing HighMem for node 0 (00037bfe:0003fff0)
[    0.000000] Initializing Movable for node 0 (00000000:00000000)
[    0.000000] Memory: 1008336K/1048120K available (7928K kernel code, 770K rwdata, 3164K rodata, 940K init, 800K bss, 39784K reserved, 0K cma-reserved, 135112K highmem)
[    0.000000] virtual kernel memory layout:
[    0.000000]     fixmap  : 0xfff15000 - 0xfffff000   ( 936 kB)
[    0.000000]     pkmap   : 0xffc00000 - 0xffe00000   (2048 kB)
[    0.000000]     vmalloc : 0xf83fe000 - 0xffbfe000   ( 120 MB)
[    0.000000]     lowmem  : 0xc0000000 - 0xf7bfe000   ( 891 MB)
[    0.000000]       .init : 0xc1b99000 - 0xc1c84000   ( 940 kB)
[    0.000000]       .data : 0xc17be50b - 0xc1b97b40   (3941 kB)
[    0.000000]       .text : 0xc1000000 - 0xc17be50b   (7929 kB)
[    0.000000] Checking if this processor honours the WP bit even in supervisor mode...Ok.
[    0.000000] SLUB: HWalign=64, Order=0-3, MinObjects=0, CPUs=2, Nodes=1
[    0.000000] Hierarchical RCU implementation.
[    0.000000] 	Build-time adjustment of leaf fanout to 32.
[    0.000000] 	RCU restricting CPUs from NR_CPUS=8 to nr_cpu_ids=2.
[    0.000000] RCU: Adjusting geometry for rcu_fanout_leaf=32, nr_cpu_ids=2
[    0.000000] NR_IRQS:2304 nr_irqs:440 16
[    0.000000] Console: colour VGA+ 80x25
[    0.000000] console [tty1] enabled
[    0.000000] console [ttyS0] enabled
[    0.000000] allocated 1048576 bytes of page_ext
[    0.000000] tsc: Detected 2194.918 MHz processor
[    0.240861] Calibrating delay loop (skipped) preset value.. 4389.83 BogoMIPS (lpj=8779672)
[    0.242440] pid_max: default: 32768 minimum: 301
[    0.244427] ACPI: Core revision 20150930
[    0.246091] ACPI: 2 ACPI AML tables successfully acquired and loaded
[    0.248366] Security Framework initialized
[    0.249162] Yama: becoming mindful.
[    0.249862] AppArmor: AppArmor initialized
[    0.250675] Mount-cache hash table entries: 2048 (order: 1, 8192 bytes)
[    0.251780] Mountpoint-cache hash table entries: 2048 (order: 1, 8192 bytes)
[    0.253147] Initializing cgroup subsys io
[    0.258656] Initializing cgroup subsys memory
[    0.259490] Initializing cgroup subsys devices
[    0.261400] Initializing cgroup subsys freezer
[    0.262214] Initializing cgroup subsys net_cls
[    0.263053] Initializing cgroup subsys perf_event
[    0.263920] Initializing cgroup subsys net_prio
[    0.264787] Initializing cgroup subsys hugetlb
[    0.265599] Initializing cgroup subsys pids
[    0.266486] CPU: Physical Processor ID: 0
[    0.268418] CPU: Processor Core ID: 0
[    0.271123] mce: CPU supports 0 MCE banks
[    0.271904] Last level iTLB entries: 4KB 64, 2MB 8, 4MB 8
[    0.272885] Last level dTLB entries: 4KB 64, 2MB 0, 4MB 0, 1GB 4
[    0.276674] Freeing SMP alternatives memory: 28K (c1c84000 - c1c8b000)
[    0.286505] ftrace: allocating 31398 entries in 62 pages
[    0.327437] smpboot: APIC(0) Converting physical 0 to logical package 0
[    0.333854] smpboot: Max logical packages: 1
[    0.334654] Enabling APIC mode:  Flat.  Using 1 I/O APICs
[    0.336771] ..TIMER: vector=0x30 apic1=0 pin1=2 apic2=-1 pin2=-1
[    0.443633] smpboot: CPU0: Intel(R) Core(TM) i5-5200U CPU @ 2.20GHz (family: 0x6, model: 0x3d, stepping: 0x4)
[    0.461826] Performance Events: unsupported p6 CPU model 61 no PMU driver, software events only.
[    0.463699] KVM setup paravirtual spinlock
[    0.469281] x86: Booting SMP configuration:
[    0.475620] .... node  #0, CPUs:      #1
[1266874885.918789] Initializing CPU#1
[    0.477075] kvm-clock: cpu 1, msr 0:37bfd041, secondary cpu clock
[    0.480123] mce: CPU supports 0 MCE banks
[    0.485071] x86: Booted up 1 node, 2 CPUs
[    0.487197] smpboot: Total of 2 processors activated (8779.67 BogoMIPS)
[    0.490977] devtmpfs: initialized
[    0.492984] evm: security.selinux
[    0.493709] evm: security.SMACK64
[    0.494425] evm: security.SMACK64EXEC
[    0.495211] evm: security.SMACK64TRANSMUTE
[    0.496019] evm: security.SMACK64MMAP
[    0.496803] evm: security.ima
[    0.497468] evm: security.capability
[    0.498510] clocksource: jiffies: mask: 0xffffffff max_cycles: 0xffffffff, max_idle_ns: 7645041785100000 ns
[    0.501398] futex hash table entries: 512 (order: 3, 32768 bytes)
[    0.506506] pinctrl core: initialized pinctrl subsystem
[    0.509282] RTC time: 13:51:10, date: 04/28/17
[    0.512496] NET: Registered protocol family 16
[    0.514633] EISA bus registered
[    0.531734] cpuidle: using governor ladder
[    0.575899] cpuidle: using governor menu
[    0.587314] PCCT header not found.
[    0.588190] ACPI: bus type PCI registered
[    0.589007] acpiphp: ACPI Hot Plug PCI Controller Driver version: 0.5
[    0.590397] PCI : PCI BIOS area is rw and x. Use pci=nobios if you want it NX.
[    0.593474] PCI: PCI BIOS revision 2.10 entry at 0xfda26, last bus=0
[    0.596543] PCI: Using configuration type 1 for base access
[    0.608880] ACPI: Added _OSI(Module Device)
[    0.615065] ACPI: Added _OSI(Processor Device)
[    0.615940] ACPI: Added _OSI(3.0 _SCP Extensions)
[    0.616873] ACPI: Added _OSI(Processor Aggregator Device)
[    0.618661] ACPI: Executed 1 blocks of module-level executable AML code
[    0.629514] ACPI: Interpreter enabled
[    0.638367] ACPI: (supports S0 S5)
[    0.640236] ACPI: Using IOAPIC for interrupt routing
[    0.641376] PCI: Using host bridge windows from ACPI; if necessary, use "pci=nocrs" and report a bug
[    0.648521] ACPI: PCI Root Bridge [PCI0] (domain 0000 [bus 00-ff])
[    0.654978] acpi PNP0A03:00: _OSC: OS supports [ASPM ClockPM Segments MSI]
[    0.667651] acpi PNP0A03:00: _OSC failed (AE_NOT_FOUND); disabling ASPM
[    0.671357] acpi PNP0A03:00: fail to add MMCONFIG information, can't access extended PCI configuration space under this bridge.
[    0.675963] PCI host bridge to bus 0000:00
[    0.684436] pci_bus 0000:00: root bus resource [io  0x0000-0x0cf7 window]
[    0.686732] pci_bus 0000:00: root bus resource [io  0x0d00-0xffff window]
[    0.689073] pci_bus 0000:00: root bus resource [mem 0x000a0000-0x000bffff window]
[    0.690562] pci_bus 0000:00: root bus resource [mem 0x40000000-0xffdfffff window]
[    0.692090] pci_bus 0000:00: root bus resource [bus 00-ff]
[    0.701622] pci 0000:00:01.1: legacy IDE quirk: reg 0x10: [io  0x01f0-0x01f7]
[    0.719463] pci 0000:00:01.1: legacy IDE quirk: reg 0x14: [io  0x03f6]
[    0.727516] pci 0000:00:01.1: legacy IDE quirk: reg 0x18: [io  0x0170-0x0177]
[    0.806534] pci 0000:00:01.1: legacy IDE quirk: reg 0x1c: [io  0x0376]
[    0.935962] pci 0000:00:07.0: quirk: [io  0x4000-0x403f] claimed by PIIX4 ACPI
[    1.044561] pci 0000:00:07.0: quirk: [io  0x4100-0x410f] claimed by PIIX4 SMB
[    1.200492] ACPI: PCI Interrupt Link [LNKA] (IRQs 5 9 10 *11)
[    1.282341] ACPI: PCI Interrupt Link [LNKB] (IRQs 5 9 10 *11)
[    1.384055] ACPI: PCI Interrupt Link [LNKC] (IRQs 5 9 *10 11)
[    1.463346] ACPI: PCI Interrupt Link [LNKD] (IRQs 5 *9 10 11)
[    1.464778] ACPI: Enabled 2 GPEs in block 00 to 07
[    1.465979] vgaarb: setting as boot device: PCI:0000:00:02.0
[    1.466888] vgaarb: device added: PCI:0000:00:02.0,decodes=io+mem,owns=io+mem,locks=none
[    1.529243] vgaarb: loaded
[    1.564726] vgaarb: bridge control possible 0000:00:02.0
[    1.645546] SCSI subsystem initialized
[    1.668836] ACPI: bus type USB registered
[    1.670958] usbcore: registered new interface driver usbfs
[    1.671942] usbcore: registered new interface driver hub
[    1.672963] usbcore: registered new device driver usb
[    1.674193] PCI: Using ACPI for IRQ routing
[    1.678870] NetLabel: Initializing
[    1.681715] NetLabel:  domain hash size = 128
[    1.682518] NetLabel:  protocols = UNLABELED CIPSOv4
[    1.684489] NetLabel:  unlabeled traffic allowed by default
[    1.685708] amd_nb: Cannot enumerate AMD northbridges
[    1.693828] clocksource: Switched to clocksource kvm-clock
[    1.702582] AppArmor: AppArmor Filesystem Enabled
[    1.711072] pnp: PnP ACPI init
[    1.713379] pnp: PnP ACPI: found 3 devices
[    1.715307] PnPBIOS: Disabled by ACPI PNP
[    1.756848] clocksource: acpi_pm: mask: 0xffffff max_cycles: 0xffffff, max_idle_ns: 2085701024 ns
[    1.764876] NET: Registered protocol family 2
[    1.765880] TCP established hash table entries: 8192 (order: 3, 32768 bytes)
[    1.767057] TCP bind hash table entries: 8192 (order: 4, 65536 bytes)
[    1.773442] TCP: Hash tables configured (established 8192 bind 8192)
[    1.774553] UDP hash table entries: 512 (order: 2, 16384 bytes)
[    1.775579] UDP-Lite hash table entries: 512 (order: 2, 16384 bytes)
[    1.776692] NET: Registered protocol family 1
[    1.777569] pci 0000:00:00.0: Limiting direct PCI/PCI transfers
[    1.778693] pci 0000:00:01.0: Activating ISA DMA hang workarounds
[    1.780512] Unpacking initramfs...
[    2.042191] Freeing initrd memory: 14632K (f635c000 - f71a6000)
[    2.350714] RAPL PMU detected, API unit is 2^-32 Joules, 4 fixed counters 10737418240 ms ovfl timer
[    2.450788] hw unit of domain pp0-core 2^-0 Joules
[    2.670554] hw unit of domain package 2^-0 Joules
[    2.850535] hw unit of domain dram 2^-0 Joules
[    2.930773] hw unit of domain pp1-gpu 2^-0 Joules
[    2.940948] platform rtc_cmos: registered platform RTC device (no PNP device found)
[    2.942316] Scanning for low memory corruption every 60 seconds
[    2.951342] audit: initializing netlink subsys (disabled)
[    3.040874] audit: type=2000 audit(1493387477.157:1): initialized
[    3.043199] Initialise system trusted keyring
[    3.044163] HugeTLB registered 2 MB page size, pre-allocated 0 pages
[    3.046554] zbud: loaded
[    3.050759] VFS: Disk quotas dquot_6.6.0
[    3.051520] VFS: Dquot-cache hash table entries: 1024 (order 0, 4096 bytes)
[    3.052778] squashfs: version 4.0 (2009/01/31) Phillip Lougher
[    3.054061] fuse init (API version 7.23)
[    3.160684] Key type big_key registered
[    3.340503] Allocating IMA MOK and blacklist keyrings.
[    3.562537] Key type asymmetric registered
[    3.602773] Asymmetric key parser 'x509' registered
[    3.603609] bounce: pool size: 64 pages
[    3.604344] Block layer SCSI generic (bsg) driver version 0.4 loaded (major 249)
[    3.605755] io scheduler noop registered
[    3.607543] io scheduler deadline registered (default)
[    3.610894] io scheduler cfq registered
[    3.616715] pci_hotplug: PCI Hot Plug PCI Core version: 0.5
[    3.630510] pciehp: PCI Express Hot Plug Controller Driver version: 0.4
[    3.744598] ACPI: AC Adapter [AC] (off-line)
[    3.745396] input: Power Button as /devices/LNXSYSTM:00/LNXPWRBN:00/input/input0
[    3.746710] ACPI: Power Button [PWRF]
[    3.747437] input: Sleep Button as /devices/LNXSYSTM:00/LNXSLPBN:00/input/input1
[    3.748723] ACPI: Sleep Button [SLPF]
[    3.750201] GHES: HEST is not enabled!
[    3.750713] ACPI: Battery Slot [BAT0] (battery present)
[    3.816524] isapnp: Scanning for PnP cards...
[    3.825709] Serial: 8250/16550 driver, 32 ports, IRQ sharing enabled
[    3.948320] 00:02: ttyS0 at I/O 0x3f8 (irq = 4, base_baud = 115200) is a 16550A
[    3.957121] Linux agpgart interface v0.103
[    3.958723] tsc: Refined TSC clocksource calibration: 2195.050 MHz
[    3.958726] clocksource: tsc: mask: 0xffffffffffffffff max_cycles: 0x1fa3eee5258, max_idle_ns: 440795253498 ns
[    4.071323] loop: module loaded
[    4.102198] scsi host0: ata_piix
[    4.126167] scsi host1: ata_piix
[    4.180632] ata1: PATA max UDMA/33 cmd 0x1f0 ctl 0x3f6 bmdma 0xd000 irq 14
[    4.180696] isapnp: No Plug & Play device found
[    4.182452] ata2: PATA max UDMA/33 cmd 0x170 ctl 0x376 bmdma 0xd008 irq 15
[    4.196824] libphy: Fixed MDIO Bus: probed
[    4.270564] tun: Universal TUN/TAP device driver, 1.6
[    4.377498] tun: (C) 1999-2004 Max Krasnyansky <maxk@qualcomm.com>
[    4.508713] PPP generic driver version 2.4.2
[    4.595805] ehci_hcd: USB 2.0 'Enhanced' Host Controller (EHCI) Driver
[    4.678528] ehci-pci: EHCI PCI platform driver
[    4.740536] ehci-platform: EHCI generic platform driver
[    4.741397] ohci_hcd: USB 1.1 'Open' Host Controller (OHCI) Driver
[    4.849762] ohci-pci: OHCI PCI platform driver
[    4.880635] ohci-platform: OHCI generic platform driver
[    4.881495] uhci_hcd: USB Universal Host Controller Interface driver
[    4.882552] i8042: PNP: PS/2 Controller [PNP0303:PS2K,PNP0f03:PS2M] at 0x60,0x64 irq 1,12
[    4.926161] serio: i8042 KBD port at 0x60,0x64 irq 1
[    4.974490] serio: i8042 AUX port at 0x60,0x64 irq 12
[    5.043997] mousedev: PS/2 mouse device common for all mice
[    5.182174] input: AT Translated Set 2 keyboard as /devices/platform/i8042/serio0/input/input2
[    5.190875] rtc_cmos rtc_cmos: rtc core: registered rtc_cmos as rtc0
[    5.191908] rtc_cmos rtc_cmos: alarms up to one day, 114 bytes nvram
[    5.449640] i2c /dev entries driver
[    5.460705] device-mapper: uevent: version 1.0.3
[    5.461672] device-mapper: ioctl: 4.34.0-ioctl (2015-10-28) initialised: dm-devel@redhat.com
[    5.463195] platform eisa.0: Probing EISA bus 0
[    5.463970] platform eisa.0: EISA: Cannot allocate resource for mainboard
[    5.464991] platform eisa.0: Cannot allocate resource for EISA slot 1
[    5.465967] platform eisa.0: Cannot allocate resource for EISA slot 2
[    5.466991] platform eisa.0: Cannot allocate resource for EISA slot 3
[    5.467972] platform eisa.0: Cannot allocate resource for EISA slot 4
[    5.470954] platform eisa.0: Cannot allocate resource for EISA slot 5
[    5.471932] platform eisa.0: Cannot allocate resource for EISA slot 6
[    5.472908] platform eisa.0: Cannot allocate resource for EISA slot 7
[    5.473885] platform eisa.0: Cannot allocate resource for EISA slot 8
[    5.970763] platform eisa.0: EISA: Detected 0 cards
[    6.031296] cpufreq-nforce2: No nForce2 chipset.
[    6.150521] ledtrig-cpu: registered to indicate activity on CPUs
[    6.410724] NET: Registered protocol family 10
[    6.499654] NET: Registered protocol family 17
[    6.610364] Key type dns_resolver registered
[    6.820644] microcode: CPU0 sig=0x306d4, pf=0x40, revision=0x0
[    6.910725] microcode: CPU1 sig=0x306d4, pf=0x40, revision=0x0
[    6.931509] microcode: Microcode Update Driver: v2.01 <tigran@aivazian.fsnet.co.uk>, Peter Oruba
[    7.001488] Using IPI No-Shortcut mode
[    7.003836] registered taskstats version 1
[    7.007209] Loading compiled-in X.509 certificates
[    7.010380] Loaded X.509 cert 'Build time autogenerated kernel key: 07b96e98effcf92e436e5474864c4a8d42920bdd'
[    7.021526] zswap: loaded using pool lzo/zbud
[    7.024579] Key type trusted registered
[    7.042427] Key type encrypted registered
[    7.060775] AppArmor: AppArmor sha1 policy hashing enabled
[    7.061791] ima: No TPM chip found, activating TPM-bypass!
[    7.062834] evm: HMAC attrs: 0x1
[    7.070383]   Magic number: 13:808:888
[    7.078386] rtc_cmos rtc_cmos: setting system clock to 2017-04-28 13:51:16 UTC (1493387476)
[    7.191108] BIOS EDD facility v0.16 2004-Jun-25, 0 devices found
[    7.201320] EDD information not available.
[    7.281917] Freeing unused kernel memory: 940K (c1b99000 - c1c84000)
[    7.284397] Write protecting the kernel text: 7932k
[    7.286295] Write protecting the kernel read-only data: 3168k
[    7.288240] NX-protecting the kernel data: 6404k
Loading, please wait...
starting version[    7.323720] random: systemd-udevd: uninitialized urandom read (16 bytes read, 0 bits of entropy available)
 229
[    7.324594] random: udevadm: uninitialized urandom read (16 bytes read, 0 bits of entropy available)
[    7.324659] random: udevadm: uninitialized urandom read (16 bytes read, 0 bits of entropy available)
[    7.324873] random: udevadm: uninitialized urandom read (16 bytes read, 0 bits of entropy available)
[    7.324952] random: udevadm: uninitialized urandom read (16 bytes read, 0 bits of entropy available)
[    7.325023] random: udevadm: uninitialized urandom read (16 bytes read, 0 bits of entropy available)
[    7.325106] random: udevadm: uninitialized urandom read (16 bytes read, 0 bits of entropy available)
[    7.325182] random: udevadm: uninitialized urandom read (16 bytes read, 0 bits of entropy available)
[    7.325252] random: udevadm: uninitialized urandom read (16 bytes read, 0 bits of entropy available)
[    7.325334] random: udevadm: uninitialized urandom read (16 bytes read, 0 bits of entropy available)
[    8.103283] e1000: Intel(R) PRO/1000 Network Driver - version 7.3.21-k8-NAPI
[    8.300909] e1000: Copyright (c) 1999-2006 Intel Corporation.
[    8.313665] Fusion MPT base driver 3.04.20
[    8.323521] Copyright (c) 1999-2008 LSI Corporation
[    8.392626] Fusion MPT SPI Host driver 3.04.20
[    8.595554] input: ImExPS/2 Generic Explorer Mouse as /devices/platform/i8042/serio1/input/input4
[    9.025826] e1000 0000:00:03.0 eth0: (PCI:33MHz:32-bit) 02:ea:b3:c0:0c:39
[    9.060764] e1000 0000:00:03.0 eth0: Intel(R) PRO/1000 Network Connection
[    9.062656] e1000 0000:00:03.0 enp0s3: renamed from eth0
[    9.070407] mptbase: ioc0: Initiating bringup
[    9.140192] ioc0: LSI53C1030 A0: Capabilities={Initiator}
[    9.309372] scsi host2: ioc0: LSI53C1030 A0, FwRev=00000000h, Ports=1, MaxQ=256, IRQ=20
[    9.528560] scsi 2:0:0:0: Direct-Access     VBOX     HARDDISK         1.0  PQ: 0 ANSI: 5
[    9.549610] scsi target2:0:0: Beginning Domain Validation
[    9.580256] scsi target2:0:0: Domain Validation skipping write tests
[    9.581331] scsi target2:0:0: Ending Domain Validation
[    9.582271] scsi target2:0:0: asynchronous
[    9.583492] scsi 2:0:1:0: Direct-Access     VBOX     HARDDISK         1.0  PQ: 0 ANSI: 5
[    9.584860] scsi target2:0:1: Beginning Domain Validation
[    9.586857] scsi target2:0:1: Domain Validation skipping write tests
[    9.629551] scsi target2:0:1: Ending Domain Validation
[    9.635903] scsi target2:0:1: asynchronous
[    9.645088] sd 2:0:0:0: Attached scsi generic sg0 type 0
[    9.645349] sd 2:0:0:0: [sda] 20971520 512-byte logical blocks: (10.7 GB/10.0 GiB)
[    9.645484] sd 2:0:0:0: [sda] Write Protect is off
[    9.645575] sd 2:0:0:0: [sda] Incomplete mode parameter data
[    9.645576] sd 2:0:0:0: [sda] Assuming drive cache: write through
[    9.659464] sd 2:0:1:0: Attached scsi generic sg1 type 0
[    9.659615] sd 2:0:1:0: [sdb] 20480 512-byte logical blocks: (10.5 MB/10.0 MiB)
[    9.659722] sd 2:0:1:0: [sdb] Write Protect is off
[    9.659853] sd 2:0:1:0: [sdb] Incomplete mode parameter data
[    9.659854] sd 2:0:1:0: [sdb] Assuming drive cache: write through
[    9.662125]  sda: sda1
[    9.662669] sd 2:0:0:0: [sda] Attached SCSI disk
[    9.688940] sd 2:0:1:0: [sdb] Attached SCSI disk
[   11.366443] floppy0: no floppy controllers found
Begin: Loading e[   12.795019] md: linear personality registered for level -1
ssential drivers ... [   12.884210] md: multipath personality registered for level -4
[   12.908403] md: raid0 personality registered for level 0
[   12.925410] md: raid1 personality registered for level 1
[   13.029835] raid6: mmxx1    gen()  4389 MB/s
[   13.106663] raid6: mmxx2    gen()  4517 MB/s
[   13.229794] raid6: sse1x1   gen()  3831 MB/s
[   13.489746] raid6: sse1x2   gen()  5203 MB/s
[   13.598178] raid6: sse2x1   gen()  8014 MB/s
[   13.802168] raid6: sse2x1   xor()  6098 MB/s
[   13.946238] raid6: sse2x2   gen()  9906 MB/s
[   14.169730] raid6: sse2x2   xor()  7185 MB/s
[   14.360092] raid6: using algorithm sse2x2 gen() 9906 MB/s
[   14.620095] raid6: .... xor() 7185 MB/s, rmw enabled
[   14.810181] raid6: using ssse3x1 recovery algorithm
[   15.053605] xor: automatically using best checksumming function:
[   15.097882]    avx       : 17748.000 MB/sec
[   15.104839] async_tx: api initialized (async)
[   15.337571] md: raid6 personality registered for level 6
[   15.350536] md: raid5 personality registered for level 5
[   15.580086] md: raid4 personality registered for level 4
[   15.850604] md: raid10 personality registered for level 10
done.
Begin: Running /scripts/init-premount ... done.
Begin: Mounting root file system ... Begin: Running /scripts/local-top ... done.
Begin: Running /scripts/l[   15.927413] Btrfs loaded
ocal-premount ... Scanning for Btrfs filesystems
done.
Warning: fsck no[   16.175669] EXT4-fs (sda1): INFO: recovery required on readonly filesystem
t present, so skipping root file system
[   16.302342] EXT4-fs (sda1): write access will be enabled during recovery
[   16.451967] EXT4-fs (sda1): recovery complete
[   16.460678] EXT4-fs (sda1): mounted filesystem with ordered data mode. Opts: (null)
done.
Begin: Running /scripts/local-bottom ... done.
Begin: Running /scripts/init-bottom ... done.
[   17.123115] random: nonblocking pool is initialized
[   17.478351] systemd[1]: systemd 229 running in system mode. (+PAM +AUDIT +SELINUX +IMA +APPARMOR +SMACK +SYSVINIT +UTMP +LIBCRYPTSETUP +GCRYPT +GNUTLS +ACL +XZ -LZ4 +SECCOMP +BLKID +ELFUTILS +KMOD -IDN)
[   17.721378] systemd[1]: Detected virtualization oracle.
[   17.722272] systemd[1]: Detected architecture x86.

Welcome to [1mUbuntu 16.04.2 LTS[0m!

[   17.774210] systemd[1]: Set hostname to <ubuntu-xenial>.
[   19.084445] systemd[1]: Listening on /deviinitctl Compatibility Named Pipe.
[[0;32m  OK  [0m] Listening on /dev/initctl Compatibility Named Pipe.
[   19.614256] systemd[1]: Listening on Journal Audit Socket.
[[0;32m  OK  [0m] Listening on Journal Audit Socket.
[   20.047823] systemd[1]: Listening on udev Control Socket.
[[0;32m  OK  [0m] Listening on udev Control Socket.
[   20.049719] systemd[1]: Listening on Syslog Socket.
[[0;32m  OK  [0m] Listening on Syslog Socket.
[   20.051801] systemd[1]: Created slice System Slice.
[[0;32m  OK  [0m] Created slice System Slice.
[   20.053900] systemd[1]: Created slice system-postgresql.slice.
[[0;32m  OK  [0m] Created slice system-postgresql.slice.
[   20.061390] systemd[1]: Set up automount Arbitrary Executable File Formats File System Automount Point.
[[0;32m  OK  [0m] Set up automount Arbitrary Executab...ats File System Automount Point.
[   20.064206] systemd[1]: Listening on LVM2 metadata daemon socket.
[[0;32m  OK  [0m] Listening on LVM2 metadata daemon socket.
[   20.070373] systemd[1]: Reached target Encrypted Volumes.
[[0;32m  OK  [0m] Reached target Encrypted Volumes.
[   20.078712] systemd[1]: Listening on udev Kernel Socket.
[[0;32m  OK  [0m] Listening on udev Kernel Socket.
[   20.102100] systemd[1]: Reached target Swap.
[[0;32m  OK  [0m] Reached target Swap.
[   20.121276] systemd[1]: Listening on Device-mapper event daemon FIFOs.
[[0;32m  OK  [0m] Listening on Device-mapper event daemon FIFOs.
[   20.237344] systemd[1]: Created slice User and Session Slice.
[[0;32m  OK  [0m] Created slice User and Session Slice.
[   20.239404] systemd[1]: Listening on Journal Socket.
[[0;32m  OK  [0m] Listening on Journal Socket.
[   20.258157] systemd[1]: Starting Monitoring of LVM2 mirrors, snapshots etc. using dmeventd or progress polling...
         Starting Monitoring of LVM2 mirrors... dmeventd or progress polling...
[   20.554071] systemd[1]: Starting Nameserver information manager...
         Starting Nameserver information manager...
[   20.558212] systemd[1]: Mounting Huge Pages File System...
         Mounting Huge Pages File System...
[   20.634200] systemd[1]: Starting Uncomplicated firewall...
         Starting Uncomplicated firewall...
[   20.726487] systemd[1]: Starting Load Kernel Modules...
         Starting Load Kernel Modules...
[   20.794138] systemd[1]: Starting Remount Root and Kernel File Systems...
         Starting Remount Root and Kernel File Systems...
[   20.824973] systemd[1]: Starting Create list of required static device nodes for the current kernel...
         Starting Create list of required st... nodes for the current kernel...
[   20.833694] EXT4-fs (sda1): re-mounted. Opts: (null)
[   20.835158] systemd[1]: Mounting POSIX Message Queue File System...
[   20.980556] Loading iSCSI transport class v2.0-870.
         Mounting POSIX Message Queue File System...
[   21.032836] systemd[1]: Listening on LVM2 poll daemon socket.
[[0;32m  OK  [0m] Listening on LVM2 poll daemon socket.
[   21.037999] systemd[1]: Listening on Journal Socket (/dev/log).
[[0;32m  OK  [0m] Listening on Journal Socket (/dev/log).
[   21.042172] systemd[1]: Reached target Slices.
[[0;32m  OK  [0m] Reached target Slices.
[   21.050087] systemd[1]: Started Forward Password Requests to Wall Directory Watch.
[[0;32m  OK  [0m] Started Forward Password Requests to Wall Directory Watch.
[   21.089978] systemd[1]: Mounting Debug File System...
         Mounting Debug File System...
[   21.106346] systemd[1]: Created slice system-serial\x2dgetty.slice.
[[0;32m  OK  [[   21.115915] iscsi: registered transport (tcp)
0m] Created slice system-serial\x2dgetty.slice.
[   21.174260] systemd[1]: Reached target User and Group Name Lookups.
[[0;32m  OK  [0m] Reached target User and Group Name Lookups.
[   21.194236] systemd[1]: Starting Journal Service...
         Starting Journal Service...
[   21.258212] systemd[1]: Starting Set console keymap...
         Starting Set console keymap...
[   21.273914] systemd[1]: Mounted Huge Pages File System.
[[0;32m  OK  [0m] Mounted Huge Pages File System.
[   21.281634] systemd[1]: Mounted POSIX Message Queue File System.
[[0;32m  OK  [0m] Mounted POSIX Message Queue File System.
[   21.299679] systemd[1]: Mounted Debug File System.
[[0;32m  OK  [0m] Mounted Debug File System.
[   21.304001] systemd[1]: Started Uncomplicated firewall.
[[0;32m  OK  [0m] Started Uncomplicated firewall.
[   21.317366] systemd[1]: Started Remount Root and Kernel File Systems.
[[0;32m  OK  [0m] Started Remount Root and Kernel File Systems.
[   21.321231] systemd[1]: Started Create list of required static device nodes for the current kernel.
[[0;32m  OK  [0m] Started Create list of required sta...ce nodes for the current kernel.
[   21.362016] systemd[1]: Started Nameserver information manager.
[[0;32m  OK  [0m] Started Nameserver information manager.
[   21.442248] systemd[1]: Started LVM2 metadata daemon.
[[0;32m  OK  [0m] Started LVM2 metadata daemon.
[   21.453568] systemd[1]: Starting Create Static Device Nodes in /dev...
         Starting Create Static Device Nodes in /dev...
[   21.670182] systemd[1]: Starting udev Coldplug all Devices...
         [   21.691189] iscsi: registered transport (iser)
Starting udev Coldplug all Devices...
[   21.706741] systemd[1]: Starting Load/Save Random Seed...
         Starting Load/Save Random Seed...
[   21.737870] systemd[1]: Starting Initial cloud-init job (pre-networking)...
         Starting Initial cloud-init job (pre-networking)...
[   21.852297] systemd[1]: Started Load Kernel Modules.
[[0;32m  OK  [0m] Started Load Kernel Modules.
[   21.877185] systemd[1]: Started udev Coldplug all Devices.
[[0;32m  OK  [0m] Started udev Coldplug all Devices.
[   21.943005] systemd[1]: Started Set console keymap.
[[0;32m  OK  [0m] Started Set console keymap.
[   21.984010] systemd[1]: Started Journal Service.
[[0;32m  OK  [0m] Started Journal Service.
         Starting Flush Journal to Persistent Storage...
         Starting Apply Kernel Variables...
         Mounting FUSE Control File System...
[[0;32m  OK  [0m] Mounted FUSE Control File System.
[[0;32m  OK  [0m] Started Monitoring of LVM2 mirrors,...ng dmeventd or progress polling.
[[0;32m  OK  [0m] Started Load/Save Random Seed.
[   22.296006] systemd-journald[407]: Received request to flush runtime journal from PID 1
[[0;32m  OK  [0m] Started Flush Journal to Persistent Storage.
[[0;32m  OK  [0m] Started Apply Kernel Variables.
[[0;32m  OK  [0m] Started Create Static Device Nodes in /dev.
         Starting udev Kernel Device Manager...
[[0;32m  OK  [0m] Started udev Kernel Device Manager.
[[0;32m  OK  [0m] Reached target Local File Systems (Pre).
[[0;32m  OK  [0m] Reached target Local File Systems.
         Starting Set console font and keymap...
         Starting Create Volatile Files and Directories...
         Starting Tell Plymouth To Write Out Runtime Data...
         Starting LSB: AppArmor initialization...
[[0;32m  OK  [0m] Started Dispatch Password Requests to Console Directory Watch.
[[0;32m  OK  [0m] Started Create Volatile Files and Directories.
[[0;32m  OK  [0m] Reached target System Time Synchronized.
         Starting Update UTMP about System Boot/Shutdown...
[[0;32m  OK  [0m] Started Tell Plymouth To Write Out Runtime Data.
[[0;32m  OK  [0m] Found device /dev/ttyS0.
[[0;32m  OK  [0m] Started Update UTMP about System Boot/Shutdown.
[[0;32m  OK  [0m] Found device 82540EM Gigabit Ethern...r (PRO/1000 MT Desktop Adapter).
[[0;32m  OK  [0m] Started Set console font and keymap.
[[0;32m  OK  [0m] Created slice system-getty.slice.
[[0;32m  OK  [0m] Listening on Load/Save RF Kill Switch Status /dev/rfkill Watch.
[[0;32m  OK  [0m] Started LSB: AppArmor initialization.
[   28.643658] cloud-init[442]: Cloud-init v. 0.7.9 running 'init-local' at Fri, 28 Apr 2017 13:51:38 +0000. Up 28.04 seconds.
[[0;32m  OK  [0m] Started Initial cloud-init job (pre-networking).
[[0;32m  OK  [0m] Reached target Network (Pre).
         Starting Raise network interfaces...
[[0;32m  OK  [0m] Started ifup for enp0s3.
[[0;32m  OK  [0m] Started Raise network interfaces.
[[0;32m  OK  [0m] Reached target Network.
         Starting Initial cloud-init job (metadata service crawler)...
[   30.774275] cloud-init[972]: Cloud-init v. 0.7.9 running 'init' at Fri, 28 Apr 2017 13:51:40 +0000. Up 29.54 seconds.
[   30.787420] cloud-init[972]: ci-info: +++++++++++++++++++++++++++++++++++++Net device info+++++++++++++++++++++++++++++++++++++
[   30.795252] cloud-init[972]: ci-info: +--------+------+---------------------------+---------------+-------+-------------------+
[   30.799159] cloud-init[972]: ci-info: | Device |  Up  |          Address          |      Mask     | Scope |     Hw-Address    |
[   30.803623] cloud-init[972]: ci-info: +--------+------+---------------------------+---------------+-------+-------------------+
[   30.807527] cloud-init[972]: ci-info: | enp0s3 | True |         10.0.2.15         | 255.255.255.0 |   .   | 02:ea:b3:c0:0c:39 |
[   30.812587] cloud-init[972]: ci-info: | enp0s3 | True | fe80::ea:b3ff:fec0:c39/64 |       .       |  link | 02:ea:b3:c0:0c:39 |
[   30.817328] cloud-init[972]: ci-info: |   lo   | True |         127.0.0.1         |   255.0.0.0   |   .   |         .         |
[   30.821260] cloud-init[972]: ci-info: |   lo   | True |          ::1/128          |       .       |  host |         .         |
[   30.828438] cloud-init[972]: ci-info: +--------+------+---------------------------+---------------+-------+-------------------+
[   30.833664] cloud-init[972]: ci-info: +++++++++++++++++++++++++++Route IPv4 info++++++++++++++++++++++++++++
[   30.837035] cloud-init[972]: ci-info: +-------+-------------+----------+---------------+-----------+-------+[[0;32m  OK  [0m] Started Initial cloud-init job (metadata service crawler).
[[0;32m  OK  [0m] Reached target System Initialization.
[[0;32m  OK  [0m] Started Trigger resolvconf update for networkd DNS.
[[0;32m  OK  [0m] Listening on UUID daemon activation socket.
[
[   30.848915] cloud-init[972]: ci-info: | Route | Destination | Gateway  |    Genmask    | Interface | Flags |[0;32m  OK  [0m] Listening on ACPID Listen Socket.
         Starting LXD - unix socket.

[   30.853795] cloud-init[972]: ci-info: +-------+-------------+----------+---------------+-----------+-------+
[   30.857195] cloud-init[972]: ci-info: |   0   |   0.0.0.0   | 10.0.2.2 |    0.0.0.0    |   enp0s3  |   UG  |
[   30.864115] cloud-init[972]: ci-info: |   1   |   10.0.2.0  | 0.0.0.0  | 255.255.255.0 |   enp0s3  |   U   |
[   30.871217] cloud-init[972]: ci-info: +-------+-------------+----------+---------------+-----------+-------+
[[0;32m  OK  [0m] Started Daily apt activities.
[[0;32m  OK  [0m] Listening on D-Bus System Message Bus Socket.
[[0;32m  OK  [0m] Started ACPI Events Check.
[[0;32m  OK  [0m] Reached target Paths.
[[0;32m  OK  [0m] Started Timer to automatically refresh installed snaps.
[[0;32m  OK  [0m] Started Daily Cleanup of Temporary Directories.
[[0;32m  OK  [0m] Reached target Timers.
         Starting Socket activation for snappy daemon.
[[0;32m  OK  [0m] Reached target Cloud-config availability.
[[0;32m  OK  [0m] Reached target Network is Online.
         Starting iSCSI initiator daemon (iscsid)...
[[0;32m  OK  [0m] Listening on LXD - unix socket.
[[0;32m  OK  [0m] Listening on Socket activation for snappy daemon.
[[0;32m  OK  [0m] Reached target Sockets.
[[0;32m  OK  [0m] Reached target Basic System.
         Starting /etc/rc.local Compatibility...
[[0;32m  OK  [0m] Started Deferred execution scheduler.
         Starting System Logging Service...
         Starting PostgreSQL Cluster 9.5-main...
         Starting LSB: Record successful boot for GRUB...
[[0;32m  OK  [0m] Started Snappy daemon.
         Starting Auto import assertions from block devices...
         Starting OpenBSD Secure Shell server...
         Starting LXD - container startup/shutdown...
         Starting Login Service...
         Starting Accounts Service...
[[0;32m  OK  [0m] Started ACPI event daemon.
         Starting LSB: MD monitoring daemon...
[[0;32m  OK  [0m] Started D-Bus System Message Bus.
[[0;32m  OK  [0m] Started FUSE filesystem for LXC.
         Starting Apply the settings specified in cloud-config...
[[0;32m  OK  [0m] Started Regular background program processing daemon.
[[0;32m  OK  [0m] Started System Logging Service.
[[0;32m  OK  [0m] Started iSCSI initiator daemon (iscsid).
[[0;32m  OK  [0m] Started /etc/rc.local Compatibility.
[[0;32m  OK  [0m] Started Auto import assertions from block devices.
[[0;32m  OK  [0m] Started Login Service.
         Starting Login to default iSCSI targets...
[[0;32m  OK  [0m] Started OpenBSD Secure Shell server.
[[0;32m  OK  [0m] Started LSB: Record successful boot for GRUB.
[[0;32m  OK  [0m] Started LSB: MD monitoring daemon.
[[0;32m  OK  [0m] Started Login to default iSCSI targets.
[[0;32m  OK  [0m] Reached target Remote File Systems (Pre).
[[0;32m  OK  [0m] Reached target Remote File Systems.
         Starting LSB: VirtualBox Linux Additions...
         Starting LSB: Set the CPU Frequency Scaling governor to "ondemand"...
         Starting Permit User Sessions...
         Starting LSB: Start/stop sysstat's sadc...
         Starting LSB: daemon to balance interrupts for SMP systems...
         Starting LSB: automatic crash report generation...
[[0;32m  OK  [0m] Started Permit User Sessions.
[[0;32m  OK  [0m] Started LSB: Set the CPU Frequency Scaling governor to "ondemand".
[   35.157684] [cloud-init[0;32m  OK  [0m[1076]: ] Cloud-init v. 0.7.9 running 'modules:config' at Fri, 28 Apr 2017 13:51:44 +0000. Up 33.70 seconds.Started Apply the settings specified in cloud-config.

[[0;32m  OK  [0m] Started LSB: Start/stop sysstat's sadc.
         Starting Hold until boot process finishes up...
         Starting Terminate Plymouth Boot Screen...
[[0;32m  OK  [0m] Started Hold until boot process finishes up.
[[0;32m  OK  [0m] Started Terminate Plymouth Boot Screen.
         Starting Set console scheme...
[[0;32m  OK  [0m] Started Serial Getty on ttyS0.
[[0;32m  OK  [0m] Started Getty on tty1.
[[0;32m  OK  [0m] Reached target Login Prompts.
[[0;32m  OK  [0m] Started LSB: daemon to balance interrupts for SMP systems.
[[0;32m  OK  [0m] Started Set console scheme.
         Starting Authenticate and Authorize Users to Run Privileged Tasks...
[[0;32m  OK  [0m] Started LSB: automatic crash report generation.
[[0;32m  OK  [0m] Started Authenticate and Authorize Users to Run Privileged Tasks.
[[0;32m  OK  [0m] Started Accounts Service.
[[0;32m  OK  [0m] Created slice User Slice of ubuntu.
         Starting User Manager for UID 1000...
[[0;32m  OK  [0m] Started Session 1 of user ubuntu.
[[0;32m  OK  [0m] Started LSB: VirtualBox Linux Additions.
[[0;32m  OK  [0m] Started User Manager for UID 1000.
[[0;32m  OK  [0m] Started LXD - container startup/shutdown.

Ubuntu 16.04.2 LTS ubuntu-xenial ttyS0

ubuntu-xenial login: [   42.710507] cloud-init[1404]: Cloud-init v. 0.7.9 running 'modules:final' at Fri, 28 Apr 2017 13:51:53 +0000. Up 42.44 seconds.
[   42.714067] cloud-init[1404]: Cloud-init v. 0.7.9 finished at Fri, 28 Apr 2017 13:51:53 +0000. Datasource DataSourceNoCloud [seed=/dev/sdb][dsmode=net].  Up 42.70 seconds
